\BOOKMARK [0][-]{chapter.1}{\376\377\000I\000n\000t\000r\000o\000d\000u\000z\000i\000o\000n\000e}{}% 1
\BOOKMARK [1][-]{section.1.1}{\376\377\000M\000o\000t\000i\000v\000a\000z\000i\000o\000n\000e}{chapter.1}% 2
\BOOKMARK [1][-]{section.1.2}{\376\377\000S\000c\000o\000p\000o\000\040\000d\000e\000l\000\040\000P\000r\000o\000g\000e\000t\000t\000o}{chapter.1}% 3
\BOOKMARK [1][-]{section.1.3}{\376\377\000C\000o\000n\000t\000e\000s\000t\000o\000\040\000G\000e\000n\000e\000r\000a\000l\000e}{chapter.1}% 4
\BOOKMARK [0][-]{chapter.2}{\376\377\000A\000l\000g\000o\000r\000i\000t\000m\000i\000\040\000P\000e\000r\000\040\000K\000m\000e\000r}{}% 5
\BOOKMARK [1][-]{section.2.1}{\376\377\000D\000S\000K}{chapter.2}% 6
\BOOKMARK [2][-]{subsection.2.1.1}{\376\377\000D\000e\000s\000c\000r\000i\000z\000i\000o\000n\000e\000\040\000d\000e\000l\000\040\000c\000o\000d\000i\000c\000e\000\040\000u\000t\000i\000l\000i\000z\000z\000a\000t\000o\000\040\000p\000e\000r\000\040\000l\000'\000i\000m\000p\000l\000e\000m\000e\000n\000t\000a\000z\000i\000o\000n\000e\000:}{section.2.1}% 7
\BOOKMARK [1][-]{section.2.2}{\376\377\000G\000e\000r\000b\000i\000l}{chapter.2}% 8
\BOOKMARK [2][-]{subsection.2.2.1}{\376\377\000M\000i\000n\000i\000m\000i\000z\000e\000r\000s\000\040\000e\000\040\000S\000u\000p\000e\000r\000\040\000k\000-\000m\000e\000r}{section.2.2}% 9
\BOOKMARK [2][-]{subsection.2.2.2}{\376\377\000I\000m\000p\000l\000e\000m\000e\000n\000t\000a\000z\000i\000o\000n\000e\000\040\000d\000i\000\040\000G\000e\000r\000b\000i\000l\000:}{section.2.2}% 10
\BOOKMARK [1][-]{section.2.3}{\376\377\000K\000M\000C\0003}{chapter.2}% 11
\BOOKMARK [2][-]{subsection.2.3.1}{\376\377\000i\000m\000p\000l\000e\000m\000e\000n\000t\000a\000z\000i\000o\000n\000e\000\040\000d\000e\000l\000l\000a\000\040\000p\000r\000i\000m\000a\000\040\000f\000a\000s\000e\000:}{section.2.3}% 12
\BOOKMARK [2][-]{subsection.2.3.2}{\376\377\000i\000m\000p\000l\000e\000m\000e\000n\000t\000a\000z\000i\000o\000n\000e\000\040\000d\000e\000l\000l\000a\000\040\000s\000e\000c\000o\000n\000d\000a\000\040\000f\000a\000s\000e\000:}{section.2.3}% 13
\BOOKMARK [1][-]{section.2.4}{\376\377\000F\000o\000r\000m\000a\000t\000o\000\040\000d\000e\000l\000\040\000f\000i\000l\000e\000\040\000d\000i\000\040\000u\000s\000c\000i\000t\000a}{chapter.2}% 14
\BOOKMARK [2][-]{subsection.2.4.1}{\376\377\000E\000s\000e\000m\000p\000i\000o\000\040\000d\000e\000l\000\040\000f\000i\000l\000e\000\040\000d\000i\000\040\000u\000s\000c\000i\000t\000a\000:}{section.2.4}% 15
\BOOKMARK [0][-]{chapter.3}{\376\377\000S\000e\000l\000e\000z\000i\000o\000n\000e\000\040\000D\000e\000l\000l\000e\000\040\000F\000e\000a\000t\000u\000r\000e\000s}{}% 16
\BOOKMARK [1][-]{section.3.1}{\376\377\000B\000a\000s\000s\000a\000\040\000v\000a\000r\000i\000a\000n\000z\000a}{chapter.3}% 17
\BOOKMARK [2][-]{subsection.3.1.1}{\376\377\000i\000m\000p\000l\000e\000m\000e\000n\000t\000a\000z\000i\000o\000n\000e\000\040\000d\000e\000l\000l\000a\000\040\000r\000i\000d\000u\000z\000i\000o\000n\000e\000\040\000d\000e\000l\000l\000e\000\040\000f\000e\000a\000t\000u\000r\000e\000s\000\040\000a\000\040\000b\000a\000s\000s\000a\000\040\000v\000a\000r\000i\000a\000n\000z\000a\000:}{section.3.1}% 18
\BOOKMARK [1][-]{section.3.2}{\376\377\000L\000i\000n\000e\000a\000r\000S\000V\000C\000\040\000c\000o\000n\000\040\000P\000e\000n\000a\000l\000i\000t\000\340\000\040\000L\0001}{chapter.3}% 19
\BOOKMARK [1][-]{section.3.3}{\376\377\000A\000l\000b\000e\000r\000i\000\040\000d\000i\000\040\000r\000i\000c\000o\000r\000s\000i\000o\000n\000e}{chapter.3}% 20
\BOOKMARK [1][-]{section.3.4}{\376\377\000T\000e\000s\000t\000\040\000d\000e\000l\000\040\000c\000h\000i\0002}{chapter.3}% 21
