This is pdfTeX, Version 3.141592653-2.6-1.40.24 (MiKTeX 22.10) (preloaded format=pdflatex 2022.11.4)  15 NOV 2022 11:42
entering extended mode
 restricted \write18 enabled.
 file:line:error style messages enabled.
 %&-line parsing enabled.
**./relazione.tex
(relazione.tex
LaTeX2e <2022-06-01> patch level 5
L3 programming layer <2022-10-26> (unicam_thesis.cls
Document Class: unicam_thesis 2010/06/30 - LaTeX class for composing thesis at 
University of Camerino - School of Science ant Technologies
*************************************************************************
****** Document Class 'unicam_thesis' <June 30, 2010> *******************
****** Please report bugs, comments, suggestions, and improvements ******
****** to Andrea Polini <andrea.polini@unicam.it> ***********************
****** or Francesco De Angelis <francesco.deangelis@unicam.it> **********
*************************************************************************

(C:\Users\Davide Menghini\AppData\Local\Programs\MiKTeX\tex/latex/base\book.cls
Document Class: book 2021/10/04 v1.4n Standard LaTeX document class

(C:\Users\Davide Menghini\AppData\Local\Programs\MiKTeX\tex/latex/base\bk11.clo
File: bk11.clo 2021/10/04 v1.4n Standard LaTeX file (size option)
)
\c@part=\count185
\c@chapter=\count186
\c@section=\count187
\c@subsection=\count188
\c@subsubsection=\count189
\c@paragraph=\count190
\c@subparagraph=\count191
\c@figure=\count192
\c@table=\count193
\abovecaptionskip=\skip47
\belowcaptionskip=\skip48
\bibindent=\dimen138
)
(C:\Users\Davide Menghini\AppData\Local\Programs\MiKTeX\tex/latex/geometry\geom
etry.sty
Package: geometry 2020/01/02 v5.9 Page Geometry

(C:\Users\Davide Menghini\AppData\Local\Programs\MiKTeX\tex/latex/graphics\keyv
al.sty
Package: keyval 2022/05/29 v1.15 key=value parser (DPC)
\KV@toks@=\toks16
)
(C:\Users\Davide Menghini\AppData\Local\Programs\MiKTeX\tex/generic/iftex\ifvte
x.sty
Package: ifvtex 2019/10/25 v1.7 ifvtex legacy package. Use iftex instead.

(C:\Users\Davide Menghini\AppData\Local\Programs\MiKTeX\tex/generic/iftex\iftex
.sty
Package: iftex 2022/02/03 v1.0f TeX engine tests
))
\Gm@cnth=\count194
\Gm@cntv=\count195
\c@Gm@tempcnt=\count196
\Gm@bindingoffset=\dimen139
\Gm@wd@mp=\dimen140
\Gm@odd@mp=\dimen141
\Gm@even@mp=\dimen142
\Gm@layoutwidth=\dimen143
\Gm@layoutheight=\dimen144
\Gm@layouthoffset=\dimen145
\Gm@layoutvoffset=\dimen146
\Gm@dimlist=\toks17

(C:\Users\Davide Menghini\AppData\Local\Programs\MiKTeX\tex/latex/geometry\geom
etry.cfg))
(C:\Users\Davide Menghini\AppData\Local\Programs\MiKTeX\tex/latex/base\inputenc
.sty
Package: inputenc 2021/02/14 v1.3d Input encoding file
\inpenc@prehook=\toks18
\inpenc@posthook=\toks19
)
(C:\Users\Davide Menghini\AppData\Local\Programs\MiKTeX\tex/latex/graphics\grap
hicx.sty
Package: graphicx 2021/09/16 v1.2d Enhanced LaTeX Graphics (DPC,SPQR)

(C:\Users\Davide Menghini\AppData\Local\Programs\MiKTeX\tex/latex/graphics\grap
hics.sty
Package: graphics 2022/03/10 v1.4e Standard LaTeX Graphics (DPC,SPQR)

(C:\Users\Davide Menghini\AppData\Local\Programs\MiKTeX\tex/latex/graphics\trig
.sty
Package: trig 2021/08/11 v1.11 sin cos tan (DPC)
)
(C:\Users\Davide Menghini\AppData\Local\Programs\MiKTeX\tex/latex/graphics-cfg\
graphics.cfg
File: graphics.cfg 2016/06/04 v1.11 sample graphics configuration
)
Package graphics Info: Driver file: pdftex.def on input line 107.

(C:\Users\Davide Menghini\AppData\Local\Programs\MiKTeX\tex/latex/graphics-def\
pdftex.def
File: pdftex.def 2022/09/22 v1.2b Graphics/color driver for pdftex
\stockwidth=\dimen147
\stockheight=\dimen148
))
\Gin@req@height=\dimen149
\Gin@req@width=\dimen150
)
(C:\Users\Davide Menghini\AppData\Local\Programs\MiKTeX\tex/latex/base\makeidx.
sty
Package: makeidx 2021/10/04 v1.0m Standard LaTeX package
)
(C:\Users\Davide Menghini\AppData\Local\Programs\MiKTeX\tex/latex/wrapfig\wrapf
ig.sty
\wrapoverhang=\dimen151
\WF@size=\dimen152
\c@WF@wrappedlines=\count197
\WF@box=\box51
\WF@everypar=\toks20
Package: wrapfig 2003/01/31  v 3.6
)
(C:\Users\Davide Menghini\AppData\Local\Programs\MiKTeX\tex/generic/mfpic\mfpic
.sty
Package: mfpic 2012/12/03 v1.10. Macros for drawing with Metafont/MetaPost.

(C:\Users\Davide Menghini\AppData\Local\Programs\MiKTeX\tex/generic/mfpic\mfpic
.tex
\mfp@out=\write3
\mfp@graph=\read2
\mfp@count=\count198
\mfp@linetype=\count199
\mfp@sequence=\count266
\mfp@toks=\toks21
\mfp@verbtex=\toks22
\mfp@fdc=\count267
\@wholegraph=\box52
\@textbox=\box53
\@alltlabels=\box54
\@backtext=\box55
\@tlabelstop=\fontdimen 23\mfp@dummy 
\@tlabelsbot=\fontdimen 24\mfp@dummy 
\@tlabelsleft=\fontdimen 25\mfp@dummy 
\@graphright=\fontdimen 26\mfp@dummy 
\@graphleft=\fontdimen 27\mfp@dummy 
\@graphtop=\fontdimen 28\mfp@dummy 
\@graphbot=\fontdimen 29\mfp@dummy 
\tb@raise=\fontdimen 30\mfp@dummy 
\tb@moveright=\fontdimen 31\mfp@dummy 
\tb@totalht=\fontdimen 32\mfp@dummy 
\tlabel@hadj=\fontdimen 33\mfp@dummy 
\tlabel@vadj=\fontdimen 34\mfp@dummy 
\tlabel@sep=\fontdimen 35\mfp@dummy 
\tlpath@sep=\fontdimen 36\mfp@dummy 
\mfpicunit=\fontdimen 37\mfp@dummy 
\@mfpicunit=\fontdimen 38\mfp@dummy 
\pointsize=\fontdimen 39\mfp@dummy 
\shadespace=\fontdimen 40\mfp@dummy 
\polkadotspace=\fontdimen 41\mfp@dummy 
\hatchspace=\fontdimen 42\mfp@dummy 
\headlen=\fontdimen 43\mfp@dummy 
\axisheadlen=\fontdimen 44\mfp@dummy 
\sideheadlen=\fontdimen 45\mfp@dummy 
\hashlen=\fontdimen 46\mfp@dummy 
\dashlen=\fontdimen 47\mfp@dummy 
\dashspace=\fontdimen 48\mfp@dummy 
\dotsize=\fontdimen 49\mfp@dummy 
\griddotsize=\fontdimen 50\mfp@dummy 
\dotspace=\fontdimen 51\mfp@dummy 
\symbolspace=\fontdimen 52\mfp@dummy 
\mfp@scratch=\dimen153
\mfpframesep=\dimen154
\mfpframethickness=\dimen155
\mfpicheight=\dimen156
\mfpicwidth=\dimen157
\mfpiccaptionskip=\skip49
\tl@vpos=\count268
\tl@hpos=\count269
\mfp@commentchar=\count270
))
(C:\Users\Davide Menghini\AppData\Local\Programs\MiKTeX\tex/latex/arydshln\aryd
shln.sty
Package: arydshln 2019/02/21 v1.76 
\dashlinedash=\dimen158
\dashlinegap=\dimen159
\adl@box=\box56
\adl@height=\dimen160
\adl@heightsave=\dimen161
\adl@depth=\dimen162
\adl@depthsave=\dimen163
\adl@finaldepth=\dimen164
\adl@columns=\count271
\adl@ncol=\count272
\adl@currentcolumn=\count273
\adl@currentcolumnsave=\count274
\adl@totalheight=\count275
\adl@totalheightsave=\count276
\adl@dash=\count277
\adl@gap=\count278
\adl@cla=\count279
\adl@clb=\count280
\adl@everyvbox=\toks23
\adl@LTpagetotal=\dimen165
)
(C:\Users\Davide Menghini\AppData\Local\Programs\MiKTeX\tex/latex/amsfonts\amss
ymb.sty
Package: amssymb 2013/01/14 v3.01 AMS font symbols

(C:\Users\Davide Menghini\AppData\Local\Programs\MiKTeX\tex/latex/amsfonts\amsf
onts.sty
Package: amsfonts 2013/01/14 v3.01 Basic AMSFonts support
\@emptytoks=\toks24
\symAMSa=\mathgroup4
\symAMSb=\mathgroup5
LaTeX Font Info:    Redeclaring math symbol \hbar on input line 98.
LaTeX Font Info:    Overwriting math alphabet `\mathfrak' in version `bold'
(Font)                  U/euf/m/n --> U/euf/b/n on input line 106.
))
(C:\Users\Davide Menghini\AppData\Local\Programs\MiKTeX\tex/latex/amsmath\amsma
th.sty
Package: amsmath 2022/04/08 v2.17n AMS math features
\@mathmargin=\skip50

For additional information on amsmath, use the `?' option.

(C:\Users\Davide Menghini\AppData\Local\Programs\MiKTeX\tex/latex/amsmath\amste
xt.sty
Package: amstext 2021/08/26 v2.01 AMS text

(C:\Users\Davide Menghini\AppData\Local\Programs\MiKTeX\tex/latex/amsmath\amsge
n.sty
File: amsgen.sty 1999/11/30 v2.0 generic functions
\@emptytoks=\toks25
\ex@=\dimen166
))
(C:\Users\Davide Menghini\AppData\Local\Programs\MiKTeX\tex/latex/amsmath\amsbs
y.sty
Package: amsbsy 1999/11/29 v1.2d Bold Symbols
\pmbraise@=\dimen167
)
(C:\Users\Davide Menghini\AppData\Local\Programs\MiKTeX\tex/latex/amsmath\amsop
n.sty
Package: amsopn 2022/04/08 v2.04 operator names
)
\inf@bad=\count281
LaTeX Info: Redefining \frac on input line 234.
\uproot@=\count282
\leftroot@=\count283
LaTeX Info: Redefining \overline on input line 399.
LaTeX Info: Redefining \colon on input line 410.
\classnum@=\count284
\DOTSCASE@=\count285
LaTeX Info: Redefining \ldots on input line 496.
LaTeX Info: Redefining \dots on input line 499.
LaTeX Info: Redefining \cdots on input line 620.
\Mathstrutbox@=\box57
\strutbox@=\box58
LaTeX Info: Redefining \big on input line 722.
LaTeX Info: Redefining \Big on input line 723.
LaTeX Info: Redefining \bigg on input line 724.
LaTeX Info: Redefining \Bigg on input line 725.
\big@size=\dimen168
LaTeX Font Info:    Redeclaring font encoding OML on input line 743.
LaTeX Font Info:    Redeclaring font encoding OMS on input line 744.
\macc@depth=\count286
LaTeX Info: Redefining \bmod on input line 905.
LaTeX Info: Redefining \pmod on input line 910.
LaTeX Info: Redefining \smash on input line 940.
LaTeX Info: Redefining \relbar on input line 970.
LaTeX Info: Redefining \Relbar on input line 971.
\c@MaxMatrixCols=\count287
\dotsspace@=\muskip16
\c@parentequation=\count288
\dspbrk@lvl=\count289
\tag@help=\toks26
\row@=\count290
\column@=\count291
\maxfields@=\count292
\andhelp@=\toks27
\eqnshift@=\dimen169
\alignsep@=\dimen170
\tagshift@=\dimen171
\tagwidth@=\dimen172
\totwidth@=\dimen173
\lineht@=\dimen174
\@envbody=\toks28
\multlinegap=\skip51
\multlinetaggap=\skip52
\mathdisplay@stack=\toks29
LaTeX Info: Redefining \[ on input line 2953.
LaTeX Info: Redefining \] on input line 2954.
)
(C:\Users\Davide Menghini\AppData\Local\Programs\MiKTeX\tex/latex/amscls\amsthm
.sty
Package: amsthm 2020/05/29 v2.20.6
\thm@style=\toks30
\thm@bodyfont=\toks31
\thm@headfont=\toks32
\thm@notefont=\toks33
\thm@headpunct=\toks34
\thm@preskip=\skip53
\thm@postskip=\skip54
\thm@headsep=\skip55
\dth@everypar=\toks35
)
(C:\Users\Davide Menghini\AppData\Local\Programs\MiKTeX\tex/latex/hyperref\hype
rref.sty
Package: hyperref 2022-09-22 v7.00t Hypertext links for LaTeX

(C:\Users\Davide Menghini\AppData\Local\Programs\MiKTeX\tex/generic/ltxcmds\ltx
cmds.sty
Package: ltxcmds 2020-05-10 v1.25 LaTeX kernel commands for general use (HO)
)
(C:\Users\Davide Menghini\AppData\Local\Programs\MiKTeX\tex/generic/pdftexcmds\
pdftexcmds.sty
Package: pdftexcmds 2020-06-27 v0.33 Utility functions of pdfTeX for LuaTeX (HO
)

(C:\Users\Davide Menghini\AppData\Local\Programs\MiKTeX\tex/generic/infwarerr\i
nfwarerr.sty
Package: infwarerr 2019/12/03 v1.5 Providing info/warning/error messages (HO)
)
Package pdftexcmds Info: \pdf@primitive is available.
Package pdftexcmds Info: \pdf@ifprimitive is available.
Package pdftexcmds Info: \pdfdraftmode found.
)
(C:\Users\Davide Menghini\AppData\Local\Programs\MiKTeX\tex/latex/kvsetkeys\kvs
etkeys.sty
Package: kvsetkeys 2022-10-05 v1.19 Key value parser (HO)
)
(C:\Users\Davide Menghini\AppData\Local\Programs\MiKTeX\tex/generic/kvdefinekey
s\kvdefinekeys.sty
Package: kvdefinekeys 2019-12-19 v1.6 Define keys (HO)
)
(C:\Users\Davide Menghini\AppData\Local\Programs\MiKTeX\tex/generic/pdfescape\p
dfescape.sty
Package: pdfescape 2019/12/09 v1.15 Implements pdfTeX's escape features (HO)
)
(C:\Users\Davide Menghini\AppData\Local\Programs\MiKTeX\tex/latex/hycolor\hycol
or.sty
Package: hycolor 2020-01-27 v1.10 Color options for hyperref/bookmark (HO)
)
(C:\Users\Davide Menghini\AppData\Local\Programs\MiKTeX\tex/latex/letltxmacro\l
etltxmacro.sty
Package: letltxmacro 2019/12/03 v1.6 Let assignment for LaTeX macros (HO)
)
(C:\Users\Davide Menghini\AppData\Local\Programs\MiKTeX\tex/latex/auxhook\auxho
ok.sty
Package: auxhook 2019-12-17 v1.6 Hooks for auxiliary files (HO)
)
(C:\Users\Davide Menghini\AppData\Local\Programs\MiKTeX\tex/latex/hyperref\name
ref.sty
Package: nameref 2022-05-17 v2.50 Cross-referencing by name of section

(C:\Users\Davide Menghini\AppData\Local\Programs\MiKTeX\tex/latex/refcount\refc
ount.sty
Package: refcount 2019/12/15 v3.6 Data extraction from label references (HO)
)
(C:\Users\Davide Menghini\AppData\Local\Programs\MiKTeX\tex/generic/gettitlestr
ing\gettitlestring.sty
Package: gettitlestring 2019/12/15 v1.6 Cleanup title references (HO)

(C:\Users\Davide Menghini\AppData\Local\Programs\MiKTeX\tex/latex/kvoptions\kvo
ptions.sty
Package: kvoptions 2022-06-15 v3.15 Key value format for package options (HO)
))
\c@section@level=\count293
)
\@linkdim=\dimen175
\Hy@linkcounter=\count294
\Hy@pagecounter=\count295

(C:\Users\Davide Menghini\AppData\Local\Programs\MiKTeX\tex/latex/hyperref\pd1e
nc.def
File: pd1enc.def 2022-09-22 v7.00t Hyperref: PDFDocEncoding definition (HO)
Now handling font encoding PD1 ...
... no UTF-8 mapping file for font encoding PD1
)
(C:\Users\Davide Menghini\AppData\Local\Programs\MiKTeX\tex/generic/intcalc\int
calc.sty
Package: intcalc 2019/12/15 v1.3 Expandable calculations with integers (HO)
)
(C:\Users\Davide Menghini\AppData\Local\Programs\MiKTeX\tex/generic/etexcmds\et
excmds.sty
Package: etexcmds 2019/12/15 v1.7 Avoid name clashes with e-TeX commands (HO)
)
\Hy@SavedSpaceFactor=\count296

(C:\Users\Davide Menghini\AppData\Local\Programs\MiKTeX\tex/latex/hyperref\puen
c.def
File: puenc.def 2022-09-22 v7.00t Hyperref: PDF Unicode definition (HO)
Now handling font encoding PU ...
... no UTF-8 mapping file for font encoding PU
)
Package hyperref Info: Option `bookmarks' set `true' on input line 4045.
Package hyperref Info: Option `colorlinks' set `true' on input line 4045.
Package hyperref Info: Hyper figures OFF on input line 4162.
Package hyperref Info: Link nesting OFF on input line 4167.
Package hyperref Info: Hyper index ON on input line 4170.
Package hyperref Info: Plain pages OFF on input line 4177.
Package hyperref Info: Backreferencing OFF on input line 4182.
Package hyperref Info: Implicit mode ON; LaTeX internals redefined.
Package hyperref Info: Bookmarks ON on input line 4410.
\c@Hy@tempcnt=\count297

(C:\Users\Davide Menghini\AppData\Local\Programs\MiKTeX\tex/latex/url\url.sty
\Urlmuskip=\muskip17
Package: url 2013/09/16  ver 3.4  Verb mode for urls, etc.
)
LaTeX Info: Redefining \url on input line 4748.
\XeTeXLinkMargin=\dimen176

(C:\Users\Davide Menghini\AppData\Local\Programs\MiKTeX\tex/generic/bitset\bits
et.sty
Package: bitset 2019/12/09 v1.3 Handle bit-vector datatype (HO)

(C:\Users\Davide Menghini\AppData\Local\Programs\MiKTeX\tex/generic/bigintcalc\
bigintcalc.sty
Package: bigintcalc 2019/12/15 v1.5 Expandable calculations on big integers (HO
)
))
\Fld@menulength=\count298
\Field@Width=\dimen177
\Fld@charsize=\dimen178
Package hyperref Info: Hyper figures OFF on input line 6027.
Package hyperref Info: Link nesting OFF on input line 6032.
Package hyperref Info: Hyper index ON on input line 6035.
Package hyperref Info: backreferencing OFF on input line 6042.
Package hyperref Info: Link coloring ON on input line 6045.
Package hyperref Info: Link coloring with OCG OFF on input line 6052.
Package hyperref Info: PDF/A mode OFF on input line 6057.

(C:\Users\Davide Menghini\AppData\Local\Programs\MiKTeX\tex/latex/base\atbegshi
-ltx.sty
Package: atbegshi-ltx 2021/01/10 v1.0c Emulation of the original atbegshi
package with kernel methods
)
\Hy@abspage=\count299
\c@Item=\count300
\c@Hfootnote=\count301
)
Package hyperref Info: Driver: hpdftex.

(C:\Users\Davide Menghini\AppData\Local\Programs\MiKTeX\tex/latex/hyperref\hpdf
tex.def
File: hpdftex.def 2022-09-22 v7.00t Hyperref driver for pdfTeX

(C:\Users\Davide Menghini\AppData\Local\Programs\MiKTeX\tex/latex/base\atveryen
d-ltx.sty
Package: atveryend-ltx 2020/08/19 v1.0a Emulation of the original atveryend pac
kage
with kernel methods
)
\Fld@listcount=\count302
\c@bookmark@seq@number=\count303

(C:\Users\Davide Menghini\AppData\Local\Programs\MiKTeX\tex/latex/rerunfilechec
k\rerunfilecheck.sty
Package: rerunfilecheck 2022-07-10 v1.10 Rerun checks for auxiliary files (HO)

(C:\Users\Davide Menghini\AppData\Local\Programs\MiKTeX\tex/generic/uniquecount
er\uniquecounter.sty
Package: uniquecounter 2019/12/15 v1.4 Provide unlimited unique counter (HO)
)
Package uniquecounter Info: New unique counter `rerunfilecheck' on input line 2
85.
)
\Hy@SectionHShift=\skip56
)
(C:\Users\Davide Menghini\AppData\Local\Programs\MiKTeX\tex/latex/subfig\subfig
.sty
Package: subfig 2005/06/28 ver: 1.3 subfig package

(C:\Users\Davide Menghini\AppData\Local\Programs\MiKTeX\tex/latex/caption\capti
on.sty
Package: caption 2022/03/01 v3.6b Customizing captions (AR)

(C:\Users\Davide Menghini\AppData\Local\Programs\MiKTeX\tex/latex/caption\capti
on3.sty
Package: caption3 2022/03/17 v2.3b caption3 kernel (AR)
\caption@tempdima=\dimen179
\captionmargin=\dimen180
\caption@leftmargin=\dimen181
\caption@rightmargin=\dimen182
\caption@width=\dimen183
\caption@indent=\dimen184
\caption@parindent=\dimen185
\caption@hangindent=\dimen186
Package caption Info: Standard document class detected.
)
\c@caption@flags=\count304
\c@continuedfloat=\count305
Package caption Info: hyperref package is loaded.
Package caption Info: wrapfig package is loaded.
)
\c@KVtest=\count306
\sf@farskip=\skip57
\sf@captopadj=\dimen187
\sf@capskip=\skip58
\sf@nearskip=\skip59
\c@subfigure=\count307
\c@subfigure@save=\count308
\c@lofdepth=\count309
\c@subtable=\count310
\c@subtable@save=\count311
\c@lotdepth=\count312
\sf@top=\skip60
\sf@bottom=\skip61
)
(C:\Users\Davide Menghini\AppData\Local\Programs\MiKTeX\tex/latex/tools\xspace.
sty
Package: xspace 2014/10/28 v1.13 Space after command names (DPC,MH)
)
(C:\Users\Davide Menghini\AppData\Local\Programs\MiKTeX\tex/latex/tools\array.s
ty
Package: array 2022/03/10 v2.5f Tabular extension package (FMi)
\col@sep=\dimen188
\ar@mcellbox=\box59
\extrarowheight=\dimen189
\NC@list=\toks36
\extratabsurround=\skip62
\backup@length=\skip63
\ar@cellbox=\box60
)
(C:\Users\Davide Menghini\AppData\Local\Programs\MiKTeX\tex/latex/psnfss\times.
sty
Package: times 2020/03/25 PSNFSS-v9.3 (SPQR) 
)
(C:\Users\Davide Menghini\AppData\Local\Programs\MiKTeX\tex/latex/tools\longtab
le.sty
Package: longtable 2021-09-01 v4.17 Multi-page Table package (DPC)
\LTleft=\skip64
\LTright=\skip65
\LTpre=\skip66
\LTpost=\skip67
\LTchunksize=\count313
\LTcapwidth=\dimen190
\LT@head=\box61
\LT@firsthead=\box62
\LT@foot=\box63
\LT@lastfoot=\box64
\LT@gbox=\box65
\LT@cols=\count314
\LT@rows=\count315
\c@LT@tables=\count316
\c@LT@chunks=\count317
\LT@p@ftn=\toks37
)
(C:\Users\Davide Menghini\AppData\Local\Programs\MiKTeX\tex/latex/fancyhdr\fanc
yhdr.sty
Package: fancyhdr 2022/05/18 v4.0.3 Extensive control of page headers and foote
rs
\f@nch@headwidth=\skip68
\f@nch@O@elh=\skip69
\f@nch@O@erh=\skip70
\f@nch@O@olh=\skip71
\f@nch@O@orh=\skip72
\f@nch@O@elf=\skip73
\f@nch@O@erf=\skip74
\f@nch@O@olf=\skip75
\f@nch@O@orf=\skip76
)
\@indexfile=\write4
\openout4 = `relazione.idx'.


Writing index file relazione.idx

(C:\Users\Davide Menghini\AppData\Local\Programs\MiKTeX\tex/latex/tools\variore
f.sty
Package: varioref 2022/01/09 v1.6f package for extended references (FMi)
\c@vrcnt=\count318
)
(C:\Users\Davide Menghini\AppData\Local\Programs\MiKTeX\tex/generic/babel\babel
.sty
Package: babel 2022/10/23 3.82 The Babel package
\babel@savecnt=\count319
\U@D=\dimen191
\l@unhyphenated=\language79

(C:\Users\Davide Menghini\AppData\Local\Programs\MiKTeX\tex/generic/babel\txtba
bel.def)
\bbl@readstream=\read3
\bbl@dirlevel=\count320

*************************************
* Local config file bblopts.cfg used
*

(C:\Users\Davide Menghini\AppData\Local\Programs\MiKTeX\tex/latex/arabi\bblopts
.cfg
File: bblopts.cfg 2005/09/08 v0.1 add Arabic and Farsi to "declared" options of
 babel
)
(C:\Users\Davide Menghini\AppData\Local\Programs\MiKTeX\tex/latex/babel-italian
\italian.ldf
Language: italian 2022/03/27 v.1.4.07 Italian support for the babel system
\it@lettering=\count321
\it@doublequoteactive=\count322
\it@ISOcompliance=\count323
))
(C:\Users\Davide Menghini\AppData\Local\Programs\MiKTeX\tex/generic/babel/local
e/it\babel-italian.tex
Package babel Info: Importing font and identification data for italian
(babel)             from babel-it.ini. Reported on input line 11.
)
(C:\Users\Davide Menghini\AppData\Local\Programs\MiKTeX\tex/latex/etoolbox\etoo
lbox.sty
Package: etoolbox 2020/10/05 v2.5k e-TeX tools for LaTeX (JAW)
\etb@tempcnta=\count324
)
(C:\Users\Davide Menghini\AppData\Local\Programs\MiKTeX\tex/latex/csquotes\csqu
otes.sty
Package: csquotes 2022-09-14 v5.2n context-sensitive quotations (JAW)
\csq@reset=\count325
\csq@gtype=\count326
\csq@glevel=\count327
\csq@qlevel=\count328
\csq@maxlvl=\count329
\csq@tshold=\count330
\csq@ltx@everypar=\toks38

(C:\Users\Davide Menghini\AppData\Local\Programs\MiKTeX\tex/latex/csquotes\csqu
otes.def
File: csquotes.def 2022-09-14 v5.2n csquotes generic definitions (JAW)
)
Package csquotes Info: Trying to load configuration file 'csquotes.cfg'...
Package csquotes Info: ... configuration file loaded successfully.

(C:\Users\Davide Menghini\AppData\Local\Programs\MiKTeX\tex/latex/csquotes\csqu
otes.cfg
File: csquotes.cfg 
)
Package csquotes Info: Option 'babel' depreciated.
(csquotes)             Using 'autostyle'.
Package csquotes Info: Enabling multilingual quotes.
)
(C:\Users\Davide Menghini\AppData\Local\Programs\MiKTeX\tex/latex/colortbl\colo
rtbl.sty
Package: colortbl 2022/06/20 v1.0f Color table columns (DPC)

(C:\Users\Davide Menghini\AppData\Local\Programs\MiKTeX\tex/latex/graphics\colo
r.sty
Package: color 2022/01/06 v1.3d Standard LaTeX Color (DPC)

(C:\Users\Davide Menghini\AppData\Local\Programs\MiKTeX\tex/latex/graphics-cfg\
color.cfg
File: color.cfg 2016/01/02 v1.6 sample color configuration
)
Package color Info: Driver file: pdftex.def on input line 149.

(C:\Users\Davide Menghini\AppData\Local\Programs\MiKTeX\tex/latex/graphics\math
color.ltx))
\everycr=\toks39
\minrowclearance=\skip77
\rownum=\count331
)
(C:\Users\Davide Menghini\AppData\Local\Programs\MiKTeX\tex/latex/listings\list
ings.sty
\lst@mode=\count332
\lst@gtempboxa=\box66
\lst@token=\toks40
\lst@length=\count333
\lst@currlwidth=\dimen192
\lst@column=\count334
\lst@pos=\count335
\lst@lostspace=\dimen193
\lst@width=\dimen194
\lst@newlines=\count336
\lst@lineno=\count337
\lst@maxwidth=\dimen195

(C:\Users\Davide Menghini\AppData\Local\Programs\MiKTeX\tex/latex/listings\lstm
isc.sty
File: lstmisc.sty 2020/03/24 1.8d (Carsten Heinz)
\c@lstnumber=\count338
\lst@skipnumbers=\count339
\lst@framebox=\box67
)
(C:\Users\Davide Menghini\AppData\Local\Programs\MiKTeX\tex/latex/listings\list
ings.cfg
File: listings.cfg 2020/03/24 1.8d listings configuration
))
Package: listings 2020/03/24 1.8d (Carsten Heinz)
)
(C:\Users\Davide Menghini\AppData\Local\Programs\MiKTeX\tex/latex/biblatex\bibl
atex.sty
Package: biblatex 2022/07/12 v3.18b programmable bibliographies (PK/MW)

(C:\Users\Davide Menghini\AppData\Local\Programs\MiKTeX\tex/latex/logreq\logreq
.sty
Package: logreq 2010/08/04 v1.0 xml request logger
\lrq@indent=\count340

(C:\Users\Davide Menghini\AppData\Local\Programs\MiKTeX\tex/latex/logreq\logreq
.def
File: logreq.def 2010/08/04 v1.0 logreq spec v1.0
))
(C:\Users\Davide Menghini\AppData\Local\Programs\MiKTeX\tex/latex/base\ifthen.s
ty
Package: ifthen 2022/04/13 v1.1d Standard LaTeX ifthen package (DPC)
)
\c@tabx@nest=\count341
\c@listtotal=\count342
\c@listcount=\count343
\c@liststart=\count344
\c@liststop=\count345
\c@citecount=\count346
\c@citetotal=\count347
\c@multicitecount=\count348
\c@multicitetotal=\count349
\c@instcount=\count350
\c@maxnames=\count351
\c@minnames=\count352
\c@maxitems=\count353
\c@minitems=\count354
\c@citecounter=\count355
\c@maxcitecounter=\count356
\c@savedcitecounter=\count357
\c@uniquelist=\count358
\c@uniquename=\count359
\c@refsection=\count360
\c@refsegment=\count361
\c@maxextratitle=\count362
\c@maxextratitleyear=\count363
\c@maxextraname=\count364
\c@maxextradate=\count365
\c@maxextraalpha=\count366
\c@abbrvpenalty=\count367
\c@highnamepenalty=\count368
\c@lownamepenalty=\count369
\c@maxparens=\count370
\c@parenlevel=\count371
\blx@tempcnta=\count372
\blx@tempcntb=\count373
\blx@tempcntc=\count374
\c@blx@maxsection=\count375
\blx@maxsegment@0=\count376
\blx@notetype=\count377
\blx@parenlevel@text=\count378
\blx@parenlevel@foot=\count379
\blx@sectionciteorder@0=\count380
\blx@sectionciteorderinternal@0=\count381
\blx@entrysetcounter=\count382
\blx@biblioinstance=\count383
\labelnumberwidth=\skip78
\labelalphawidth=\skip79
\biblabelsep=\skip80
\bibitemsep=\skip81
\bibnamesep=\skip82
\bibinitsep=\skip83
\bibparsep=\skip84
\bibhang=\skip85
\blx@bcfin=\read4
\blx@bcfout=\write5
\blx@langwohyphens=\language80
\c@mincomprange=\count384
\c@maxcomprange=\count385
\c@mincompwidth=\count386
Package biblatex Info: Trying to load biblatex default data model...
Package biblatex Info: ... file 'blx-dm.def' found.

(C:\Users\Davide Menghini\AppData\Local\Programs\MiKTeX\tex/latex/biblatex\blx-
dm.def
File: blx-dm.def 2022/07/12 v3.18b biblatex localization (PK/MW)
)
Package biblatex Info: Trying to load biblatex custom data model...
Package biblatex Info: ... file 'biblatex-dm.cfg' not found.
\c@afterword=\count387
\c@savedafterword=\count388
\c@annotator=\count389
\c@savedannotator=\count390
\c@author=\count391
\c@savedauthor=\count392
\c@bookauthor=\count393
\c@savedbookauthor=\count394
\c@commentator=\count395
\c@savedcommentator=\count396
\c@editor=\count397
\c@savededitor=\count398
\c@editora=\count399
\c@savededitora=\count400
\c@editorb=\count401
\c@savededitorb=\count402
\c@editorc=\count403
\c@savededitorc=\count404
\c@foreword=\count405
\c@savedforeword=\count406
\c@holder=\count407
\c@savedholder=\count408
\c@introduction=\count409
\c@savedintroduction=\count410
\c@namea=\count411
\c@savednamea=\count412
\c@nameb=\count413
\c@savednameb=\count414
\c@namec=\count415
\c@savednamec=\count416
\c@translator=\count417
\c@savedtranslator=\count418
\c@shortauthor=\count419
\c@savedshortauthor=\count420
\c@shorteditor=\count421
\c@savedshorteditor=\count422
\c@labelname=\count423
\c@savedlabelname=\count424
\c@institution=\count425
\c@savedinstitution=\count426
\c@lista=\count427
\c@savedlista=\count428
\c@listb=\count429
\c@savedlistb=\count430
\c@listc=\count431
\c@savedlistc=\count432
\c@listd=\count433
\c@savedlistd=\count434
\c@liste=\count435
\c@savedliste=\count436
\c@listf=\count437
\c@savedlistf=\count438
\c@location=\count439
\c@savedlocation=\count440
\c@organization=\count441
\c@savedorganization=\count442
\c@origlocation=\count443
\c@savedoriglocation=\count444
\c@origpublisher=\count445
\c@savedorigpublisher=\count446
\c@publisher=\count447
\c@savedpublisher=\count448
\c@language=\count449
\c@savedlanguage=\count450
\c@origlanguage=\count451
\c@savedoriglanguage=\count452
\c@pageref=\count453
\c@savedpageref=\count454
\shorthandwidth=\skip86
\shortjournalwidth=\skip87
\shortserieswidth=\skip88
\shorttitlewidth=\skip89
\shortauthorwidth=\skip90
\shorteditorwidth=\skip91
\locallabelnumberwidth=\skip92
\locallabelalphawidth=\skip93
\localshorthandwidth=\skip94
\localshortjournalwidth=\skip95
\localshortserieswidth=\skip96
\localshorttitlewidth=\skip97
\localshortauthorwidth=\skip98
\localshorteditorwidth=\skip99
Package biblatex Info: Trying to load compatibility code...
Package biblatex Info: ... file 'blx-compat.def' found.

(C:\Users\Davide Menghini\AppData\Local\Programs\MiKTeX\tex/latex/biblatex\blx-
compat.def
File: blx-compat.def 2022/07/12 v3.18b biblatex compatibility (PK/MW)
)
Package biblatex Info: Trying to load generic definitions...
Package biblatex Info: ... file 'biblatex.def' found.

(C:\Users\Davide Menghini\AppData\Local\Programs\MiKTeX\tex/latex/biblatex\bibl
atex.def
File: biblatex.def 2022/07/12 v3.18b biblatex compatibility (PK/MW)
\c@textcitecount=\count455
\c@textcitetotal=\count456
\c@textcitemaxnames=\count457
\c@biburlbigbreakpenalty=\count458
\c@biburlbreakpenalty=\count459
\c@biburlnumpenalty=\count460
\c@biburlucpenalty=\count461
\c@biburllcpenalty=\count462
\biburlbigskip=\muskip18
\biburlnumskip=\muskip19
\biburlucskip=\muskip20
\biburllcskip=\muskip21
\c@smartand=\count463
)
Package biblatex Info: Trying to load bibliography style 'numeric'...
Package biblatex Info: ... file 'numeric.bbx' found.

(C:\Users\Davide Menghini\AppData\Local\Programs\MiKTeX\tex/latex/biblatex/bbx\
numeric.bbx
File: numeric.bbx 2022/07/12 v3.18b biblatex bibliography style (PK/MW)
Package biblatex Info: Trying to load bibliography style 'standard'...
Package biblatex Info: ... file 'standard.bbx' found.

(C:\Users\Davide Menghini\AppData\Local\Programs\MiKTeX\tex/latex/biblatex/bbx\
standard.bbx
File: standard.bbx 2022/07/12 v3.18b biblatex bibliography style (PK/MW)
\c@bbx:relatedcount=\count464
\c@bbx:relatedtotal=\count465
))
Package biblatex Info: Trying to load citation style 'numeric'...
Package biblatex Info: ... file 'numeric.cbx' found.

(C:\Users\Davide Menghini\AppData\Local\Programs\MiKTeX\tex/latex/biblatex/cbx\
numeric.cbx
File: numeric.cbx 2022/07/12 v3.18b biblatex citation style (PK/MW)
Package biblatex Info: Redefining '\cite'.
Package biblatex Info: Redefining '\parencite'.
Package biblatex Info: Redefining '\footcite'.
Package biblatex Info: Redefining '\footcitetext'.
Package biblatex Info: Redefining '\smartcite'.
Package biblatex Info: Redefining '\supercite'.
Package biblatex Info: Redefining '\textcite'.
Package biblatex Info: Redefining '\textcites'.
Package biblatex Info: Redefining '\cites'.
Package biblatex Info: Redefining '\parencites'.
Package biblatex Info: Redefining '\smartcites'.
)
Package biblatex Info: Trying to load configuration file...
Package biblatex Info: ... file 'biblatex.cfg' found.

(C:\Users\Davide Menghini\AppData\Local\Programs\MiKTeX\tex/latex/biblatex\bibl
atex.cfg
File: biblatex.cfg 
)
Package biblatex Info: Input encoding 'utf8' detected.
Package biblatex Info: Document encoding is UTF8 ....

(C:\Users\Davide Menghini\AppData\Local\Programs\MiKTeX\tex/latex/l3kernel\expl
3.sty
Package: expl3 2022-10-26 L3 programming layer (loader) 

(C:\Users\Davide Menghini\AppData\Local\Programs\MiKTeX\tex/latex/l3backend\l3b
ackend-pdftex.def
File: l3backend-pdftex.def 2022-10-26 L3 backend support: PDF output (pdfTeX)
\l__color_backend_stack_int=\count466
\l__pdf_internal_box=\box68
))
Package biblatex Info: ... and expl3
(biblatex)             2022-10-26 L3 programming layer (loader) 
(biblatex)             is new enough (at least 2020/04/06),
(biblatex)             setting 'casechanger=expl3'.

(C:\Users\Davide Menghini\AppData\Local\Programs\MiKTeX\tex/latex/biblatex\blx-
case-expl3.sty
(C:\Users\Davide Menghini\AppData\Local\Programs\MiKTeX\tex/latex/l3packages/xp
arse\xparse.sty
Package: xparse 2022-06-22 L3 Experimental document command parser
)
Package: blx-case-expl3 2022/07/12 v3.18b expl3 case changing code for biblatex

))
(C:\Users\Davide Menghini\AppData\Local\Programs\MiKTeX\tex/latex/amsmath\amste
x.sty

C:\Users\Davide Menghini\AppData\Local\Programs\MiKTeX\tex/latex/amsmath\amstex
.sty:29: Package amstex Error:  Package `amstex' is obsolete, substituting `ams
math'.

See the amstex package documentation for explanation.
Type  H <return>  for immediate help.
 ...                                              
                                                  
l.29 %\string\usepackage{amstex12beta}.}
                                        
You should use \usepackage{amsmath} instead. If that does not give satisfactory
 results, rename your previous copy of amstex.sty to amstex12beta.sty and call 
it with \usepackage{amstex12beta}.


(C:\Users\Davide Menghini\AppData\Local\Programs\MiKTeX\tex/latex/amsmath\amsma
th.sty

LaTeX Warning: You have requested package `amstex',
               but the package provides `amsmath'.

Package: amsmath 2022/04/08 v2.17n AMS math features
\@mathmargin=\skip100
For additional information on amsmath, use the `?' option.

C:\Users\Davide Menghini\AppData\Local\Programs\MiKTeX\tex/latex/amsmath\amsmat
h.sty:145: LaTeX Error: Command \AmSfont already defined.
               Or name \end... illegal, see p.192 of the manual.

See the LaTeX manual or LaTeX Companion for explanation.
Type  H <return>  for immediate help.
 ...                                              
                                                  
l.145 ...\@xp\@car\f@series\@nil bb\else m\fi}{n}}
                                                  
Your command was ignored.
Type  I <command> <return>  to replace it with another command,
or  <return>  to continue without it.


C:\Users\Davide Menghini\AppData\Local\Programs\MiKTeX\tex/latex/amsmath\amsmat
h.sty:179: LaTeX Error: Command \mspace already defined.
               Or name \end... illegal, see p.192 of the manual.

See the LaTeX manual or LaTeX Companion for explanation.
Type  H <return>  for immediate help.
 ...                                              
                                                  
l.179 \newcommand{\mspace}[1]{\mskip#1\relax}
                                             
Your command was ignored.
Type  I <command> <return>  to replace it with another command,
or  <return>  to continue without it.

LaTeX Info: Redefining \primfrac on input line 218.
LaTeX Info: Redefining \frac on input line 234.
LaTeX Info: Redefining \dfrac on input line 238.
LaTeX Info: Redefining \tfrac on input line 239.
LaTeX Info: Redefining \binom on input line 240.
LaTeX Info: Redefining \dbinom on input line 241.
LaTeX Info: Redefining \tbinom on input line 242.
LaTeX Info: Redefining \genfrac on input line 245.

C:\Users\Davide Menghini\AppData\Local\Programs\MiKTeX\tex/latex/amsmath\amsmat
h.sty:351: LaTeX Error: Command \leftroot already defined.
               Or name \end... illegal, see p.192 of the manual.

See the LaTeX manual or LaTeX Companion for explanation.
Type  H <return>  for immediate help.
 ...                                              
                                                  
l.351 ...{\@amsmath@err{\Invalid@@\leftroot}\@eha}
                                                  
Your command was ignored.
Type  I <command> <return>  to replace it with another command,
or  <return>  to continue without it.


C:\Users\Davide Menghini\AppData\Local\Programs\MiKTeX\tex/latex/amsmath\amsmat
h.sty:352: LaTeX Error: Command \uproot already defined.
               Or name \end... illegal, see p.192 of the manual.

See the LaTeX manual or LaTeX Companion for explanation.
Type  H <return>  for immediate help.
 ...                                              
                                                  
l.352 ...t}{\@amsmath@err{\Invalid@@\uproot}\@eha}
                                                  
Your command was ignored.
Type  I <command> <return>  to replace it with another command,
or  <return>  to continue without it.

\uproot@=\count467
\leftroot@=\count468
LaTeX Info: Redefining \overline on input line 399.
LaTeX Info: Redefining \boxed on input line 400.

C:\Users\Davide Menghini\AppData\Local\Programs\MiKTeX\tex/latex/amsmath\amsmat
h.sty:401: LaTeX Error: Command \implies already defined.
               Or name \end... illegal, see p.192 of the manual.

See the LaTeX manual or LaTeX Companion for explanation.
Type  H <return>  for immediate help.
 ...                                              
                                                  
l.401 ...mand{\implies}{\DOTSB\;\Longrightarrow\;}
                                                  
Your command was ignored.
Type  I <command> <return>  to replace it with another command,
or  <return>  to continue without it.


C:\Users\Davide Menghini\AppData\Local\Programs\MiKTeX\tex/latex/amsmath\amsmat
h.sty:402: LaTeX Error: Command \impliedby already defined.
               Or name \end... illegal, see p.192 of the manual.

See the LaTeX manual or LaTeX Companion for explanation.
Type  H <return>  for immediate help.
 ...                                              
                                                  
l.402 ...and{\impliedby}{\DOTSB\;\Longleftarrow\;}
                                                  
Your command was ignored.
Type  I <command> <return>  to replace it with another command,
or  <return>  to continue without it.


C:\Users\Davide Menghini\AppData\Local\Programs\MiKTeX\tex/latex/amsmath\amsmat
h.sty:409: LaTeX Error: Command \nobreakdash already defined.
               Or name \end... illegal, see p.192 of the manual.

See the LaTeX manual or LaTeX Companion for explanation.
Type  H <return>  for immediate help.
 ...                                              
                                                  
l.409 }
       
Your command was ignored.
Type  I <command> <return>  to replace it with another command,
or  <return>  to continue without it.

LaTeX Info: Redefining \colon on input line 410.
\classnum@=\count469
\DOTSCASE@=\count470
LaTeX Info: Redefining \ldots on input line 496.
LaTeX Info: Redefining \dots on input line 499.

C:\Users\Davide Menghini\AppData\Local\Programs\MiKTeX\tex/latex/amsmath\amsmat
h.sty:576: LaTeX Error: Command \dotsi already defined.
               Or name \end... illegal, see p.192 of the manual.

See the LaTeX manual or LaTeX Companion for explanation.
Type  H <return>  for immediate help.
 ...                                              
                                                  
l.576 \newcommand{\dotsi}{\!\@cdots}
                                    
Your command was ignored.
Type  I <command> <return>  to replace it with another command,
or  <return>  to continue without it.

LaTeX Info: Redefining \cdots on input line 620.
LaTeX Info: Redefining \dotso on input line 623.
LaTeX Info: Redefining \dotsc on input line 627.

C:\Users\Davide Menghini\AppData\Local\Programs\MiKTeX\tex/latex/amsmath\amsmat
h.sty:659: LaTeX Error: Command \iint already defined.
               Or name \end... illegal, see p.192 of the manual.

See the LaTeX manual or LaTeX Companion for explanation.
Type  H <return>  for immediate help.
 ...                                              
                                                  
l.659 ...ewcommand{\iint}{\DOTSI\MultiIntegral{2}}
                                                  
Your command was ignored.
Type  I <command> <return>  to replace it with another command,
or  <return>  to continue without it.


C:\Users\Davide Menghini\AppData\Local\Programs\MiKTeX\tex/latex/amsmath\amsmat
h.sty:660: LaTeX Error: Command \iiint already defined.
               Or name \end... illegal, see p.192 of the manual.

See the LaTeX manual or LaTeX Companion for explanation.
Type  H <return>  for immediate help.
 ...                                              
                                                  
l.660 ...wcommand{\iiint}{\DOTSI\MultiIntegral{3}}
                                                  
Your command was ignored.
Type  I <command> <return>  to replace it with another command,
or  <return>  to continue without it.


C:\Users\Davide Menghini\AppData\Local\Programs\MiKTeX\tex/latex/amsmath\amsmat
h.sty:661: LaTeX Error: Command \iiiint already defined.
               Or name \end... illegal, see p.192 of the manual.

See the LaTeX manual or LaTeX Companion for explanation.
Type  H <return>  for immediate help.
 ...                                              
                                                  
l.661 ...command{\iiiint}{\DOTSI\MultiIntegral{4}}
                                                  
Your command was ignored.
Type  I <command> <return>  to replace it with another command,
or  <return>  to continue without it.


C:\Users\Davide Menghini\AppData\Local\Programs\MiKTeX\tex/latex/amsmath\amsmat
h.sty:662: LaTeX Error: Command \idotsint already defined.
               Or name \end... illegal, see p.192 of the manual.

See the LaTeX manual or LaTeX Companion for explanation.
Type  H <return>  for immediate help.
 ...                                              
                                                  
l.662 ...mmand{\idotsint}{\DOTSI\MultiIntegral{0}}
                                                  
Your command was ignored.
Type  I <command> <return>  to replace it with another command,
or  <return>  to continue without it.

LaTeX Info: Redefining \MultiIntegral on input line 663.
\Mathstrutbox@=\box69
\strutbox@=\box70
LaTeX Info: Redefining \big on input line 722.
LaTeX Info: Redefining \Big on input line 723.
LaTeX Info: Redefining \bigg on input line 724.
LaTeX Info: Redefining \Bigg on input line 725.
\big@size=\dimen196
LaTeX Font Info:    Redeclaring font encoding OML on input line 743.
LaTeX Font Info:    Redeclaring font encoding OMS on input line 744.

C:\Users\Davide Menghini\AppData\Local\Programs\MiKTeX\tex/latex/amsmath\amsmat
h.sty:747: LaTeX Error: Command \dddot already defined.
               Or name \end... illegal, see p.192 of the manual.

See the LaTeX manual or LaTeX Companion for explanation.
Type  H <return>  for immediate help.
 ...                                              
                                                  
l.747    \hbox{\,\normalfont...}\vss}}}}
                                        
Your command was ignored.
Type  I <command> <return>  to replace it with another command,
or  <return>  to continue without it.


C:\Users\Davide Menghini\AppData\Local\Programs\MiKTeX\tex/latex/amsmath\amsmat
h.sty:750: LaTeX Error: Command \ddddot already defined.
               Or name \end... illegal, see p.192 of the manual.

See the LaTeX manual or LaTeX Companion for explanation.
Type  H <return>  for immediate help.
 ...                                              
                                                  
l.750    \hbox{\,\normalfont....}\vss}}}}
                                         
Your command was ignored.
Type  I <command> <return>  to replace it with another command,
or  <return>  to continue without it.


Package amsmath Warning: Unable to redefine math accent \hat.


Package amsmath Warning: Unable to redefine math accent \check.


Package amsmath Warning: Unable to redefine math accent \tilde.


Package amsmath Warning: Unable to redefine math accent \acute.


Package amsmath Warning: Unable to redefine math accent \grave.


Package amsmath Warning: Unable to redefine math accent \dot.


Package amsmath Warning: Unable to redefine math accent \ddot.


Package amsmath Warning: Unable to redefine math accent \breve.


Package amsmath Warning: Unable to redefine math accent \bar.


Package amsmath Warning: Unable to redefine math accent \vec.


Package amsmath Warning: Unable to redefine math accent \mathring.


C:\Users\Davide Menghini\AppData\Local\Programs\MiKTeX\tex/latex/amsmath\amsmat
h.sty:801: LaTeX Error: Command \acc@check already defined.
               Or name \end... illegal, see p.192 of the manual.

See the LaTeX manual or LaTeX Companion for explanation.
Type  H <return>  for immediate help.
 ...                                              
                                                  
l.801 \newcommand{\acc@check}{}
                               
Your command was ignored.
Type  I <command> <return>  to replace it with another command,
or  <return>  to continue without it.


C:\Users\Davide Menghini\AppData\Local\Programs\MiKTeX\tex/latex/amsmath\amsmat
h.sty:802: LaTeX Error: Command \acc@error already defined.
               Or name \end... illegal, see p.192 of the manual.

See the LaTeX manual or LaTeX Companion for explanation.
Type  H <return>  for immediate help.
 ...                                              
                                                  
l.802 \newcommand{\acc@error}{}
                               
Your command was ignored.
Type  I <command> <return>  to replace it with another command,
or  <return>  to continue without it.

\macc@depth=\count471
LaTeX Info: Redefining \bmod on input line 905.
LaTeX Info: Redefining \pod on input line 908.
LaTeX Info: Redefining \pmod on input line 910.
LaTeX Info: Redefining \mod on input line 911.
LaTeX Info: Redefining \cfrac on input line 913.
LaTeX Info: Redefining \overset on input line 916.
LaTeX Info: Redefining \underset on input line 918.
LaTeX Info: Redefining \overunderset on input line 920.
LaTeX Info: Redefining \sideset on input line 922.
LaTeX Info: Redefining \smash on input line 940.
LaTeX Info: Redefining \relbar on input line 970.
LaTeX Info: Redefining \Relbar on input line 971.

C:\Users\Davide Menghini\AppData\Local\Programs\MiKTeX\tex/latex/amsmath\amsmat
h.sty:991: LaTeX Error: Command \overleftrightarrow already defined.
               Or name \end... illegal, see p.192 of the manual.

See the LaTeX manual or LaTeX Companion for explanation.
Type  H <return>  for immediate help.
 ...                                              
                                                  
l.991 ...palette{\overarrow@\leftrightarrowfill@}}
                                                  
Your command was ignored.
Type  I <command> <return>  to replace it with another command,
or  <return>  to continue without it.


C:\Users\Davide Menghini\AppData\Local\Programs\MiKTeX\tex/latex/amsmath\amsmat
h.sty:1003: LaTeX Error: Command \underrightarrow already defined.
               Or name \end... illegal, see p.192 of the manual.

See the LaTeX manual or LaTeX Companion for explanation.
Type  H <return>  for immediate help.
 ...                                              
                                                  
l.1003 ...thpalette{\underarrow@\rightarrowfill@}}
                                                  
Your command was ignored.
Type  I <command> <return>  to replace it with another command,
or  <return>  to continue without it.


C:\Users\Davide Menghini\AppData\Local\Programs\MiKTeX\tex/latex/amsmath\amsmat
h.sty:1005: LaTeX Error: Command \underleftarrow already defined.
               Or name \end... illegal, see p.192 of the manual.

See the LaTeX manual or LaTeX Companion for explanation.
Type  H <return>  for immediate help.
 ...                                              
                                                  
l.1005 ...athpalette{\underarrow@\leftarrowfill@}}
                                                  
Your command was ignored.
Type  I <command> <return>  to replace it with another command,
or  <return>  to continue without it.


C:\Users\Davide Menghini\AppData\Local\Programs\MiKTeX\tex/latex/amsmath\amsmat
h.sty:1007: LaTeX Error: Command \underleftrightarrow already defined.
               Or name \end... illegal, see p.192 of the manual.

See the LaTeX manual or LaTeX Companion for explanation.
Type  H <return>  for immediate help.
 ...                                              
                                                  
l.1007 ...lette{\underarrow@\leftrightarrowfill@}}
                                                  
Your command was ignored.
Type  I <command> <return>  to replace it with another command,
or  <return>  to continue without it.

LaTeX Info: Redefining \xrightarrow on input line 1028.
LaTeX Info: Redefining \xleftarrow on input line 1029.

C:\Users\Davide Menghini\AppData\Local\Programs\MiKTeX\tex/latex/amsmath\amsmat
h.sty:1042: LaTeX Error: Command \subarray already defined.
               Or name \end... illegal, see p.192 of the manual.

See the LaTeX manual or LaTeX Companion for explanation.
Type  H <return>  for immediate help.
 ...                                              
                                                  
l.1042 }
        
Your command was ignored.
Type  I <command> <return>  to replace it with another command,
or  <return>  to continue without it.

LaTeX Info: Redefining \substack on input line 1060.

C:\Users\Davide Menghini\AppData\Local\Programs\MiKTeX\tex/latex/amsmath\amsmat
h.sty:1068: LaTeX Error: Command \smallmatrix already defined.
               Or name \end... illegal, see p.192 of the manual.

See the LaTeX manual or LaTeX Companion for explanation.
Type  H <return>  for immediate help.
 ...                                              
                                                  
l.1068 }
        
Your command was ignored.
Type  I <command> <return>  to replace it with another command,
or  <return>  to continue without it.

\c@MaxMatrixCols=\count472

C:\Users\Davide Menghini\AppData\Local\Programs\MiKTeX\tex/latex/amsmath\amsmat
h.sty:1098: LaTeX Error: Command \bmatrix already defined.
               Or name \end... illegal, see p.192 of the manual.

See the LaTeX manual or LaTeX Companion for explanation.
Type  H <return>  for immediate help.
 ...                                              
                                                  
l.1098 ...x}{\left[\env@matrix}{\endmatrix\right]}
                                                  
Your command was ignored.
Type  I <command> <return>  to replace it with another command,
or  <return>  to continue without it.


C:\Users\Davide Menghini\AppData\Local\Programs\MiKTeX\tex/latex/amsmath\amsmat
h.sty:1103: LaTeX Error: Command \Bmatrix already defined.
               Or name \end... illegal, see p.192 of the manual.

See the LaTeX manual or LaTeX Companion for explanation.
Type  H <return>  for immediate help.
 ...                                              
                                                  
l.1103 }
        
Your command was ignored.
Type  I <command> <return>  to replace it with another command,
or  <return>  to continue without it.


C:\Users\Davide Menghini\AppData\Local\Programs\MiKTeX\tex/latex/amsmath\amsmat
h.sty:1104: LaTeX Error: Command \vmatrix already defined.
               Or name \end... illegal, see p.192 of the manual.

See the LaTeX manual or LaTeX Companion for explanation.
Type  H <return>  for immediate help.
 ...                                              
                                                  
l.1104 ...vert\env@matrix}{\endmatrix\right\rvert}
                                                  
Your command was ignored.
Type  I <command> <return>  to replace it with another command,
or  <return>  to continue without it.


C:\Users\Davide Menghini\AppData\Local\Programs\MiKTeX\tex/latex/amsmath\amsmat
h.sty:1105: LaTeX Error: Command \Vmatrix already defined.
               Or name \end... illegal, see p.192 of the manual.

See the LaTeX manual or LaTeX Companion for explanation.
Type  H <return>  for immediate help.
 ...                                              
                                                  
l.1105 ...Vert\env@matrix}{\endmatrix\right\rVert}
                                                  
Your command was ignored.
Type  I <command> <return>  to replace it with another command,
or  <return>  to continue without it.


C:\Users\Davide Menghini\AppData\Local\Programs\MiKTeX\tex/latex/amsmath\amsmat
h.sty:1108: LaTeX Error: Command \hdotsfor already defined.
               Or name \end... illegal, see p.192 of the manual.

See the LaTeX manual or LaTeX Companion for explanation.
Type  H <return>  for immediate help.
 ...                                              
                                                  
l.1108 ...xp\shdots@for\else\hdots@for\@ne{#1}\fi}
                                                  
Your command was ignored.
Type  I <command> <return>  to replace it with another command,
or  <return>  to continue without it.

\dotsspace@=\muskip22

C:\Users\Davide Menghini\AppData\Local\Programs\MiKTeX\tex/latex/amsmath\amsmat
h.sty:1128: LaTeX Error: Command \c@parentequation already defined.
               Or name \end... illegal, see p.192 of the manual.

See the LaTeX manual or LaTeX Companion for explanation.
Type  H <return>  for immediate help.
 ...                                              
                                                  
l.1128 \newcounter{parentequation}
                                  % Counter for ``parent equation''.
Your command was ignored.
Type  I <command> <return>  to replace it with another command,
or  <return>  to continue without it.


C:\Users\Davide Menghini\AppData\Local\Programs\MiKTeX\tex/latex/amsmath\amsmat
h.sty:1142: LaTeX Error: Command \subequations already defined.
               Or name \end... illegal, see p.192 of the manual.

See the LaTeX manual or LaTeX Companion for explanation.
Type  H <return>  for immediate help.
 ...                                              
                                                  
l.1142 }
        
Your command was ignored.
Type  I <command> <return>  to replace it with another command,
or  <return>  to continue without it.

LaTeX Info: Redefining \numberwithin on input line 1143.
LaTeX Info: Redefining \eqref on input line 1150.
\dspbrk@lvl=\count473
LaTeX Info: Redefining \allowdisplaybreaks on input line 1154.
LaTeX Info: Redefining \displaybreak on input line 1160.

C:\Users\Davide Menghini\AppData\Local\Programs\MiKTeX\tex/latex/amsmath\amsmat
h.sty:1193: LaTeX Error: Command \intertext already defined.
               Or name \end... illegal, see p.192 of the manual.

See the LaTeX manual or LaTeX Companion for explanation.
Type  H <return>  for immediate help.
 ...                                              
                                                  
l.1193 ...@amsmath@err{\Invalid@@\intertext}\@eha}
                                                  
Your command was ignored.
Type  I <command> <return>  to replace it with another command,
or  <return>  to continue without it.

\tag@help=\toks41

C:\Users\Davide Menghini\AppData\Local\Programs\MiKTeX\tex/latex/amsmath\amsmat
h.sty:1226: LaTeX Error: Command \thetag already defined.
               Or name \end... illegal, see p.192 of the manual.

See the LaTeX manual or LaTeX Companion for explanation.
Type  H <return>  for immediate help.
 ...                                              
                                                  
l.1226 \newcommand{\thetag}{\leavevmode\tagform@}
                                                 
Your command was ignored.
Type  I <command> <return>  to replace it with another command,
or  <return>  to continue without it.


C:\Users\Davide Menghini\AppData\Local\Programs\MiKTeX\tex/latex/amsmath\amsmat
h.sty:1272: LaTeX Error: Command \raisetag already defined.
               Or name \end... illegal, see p.192 of the manual.

See the LaTeX manual or LaTeX Companion for explanation.
Type  H <return>  for immediate help.
 ...                                              
                                                  
l.1272 }
        
Your command was ignored.
Type  I <command> <return>  to replace it with another command,
or  <return>  to continue without it.


C:\Users\Davide Menghini\AppData\Local\Programs\MiKTeX\tex/latex/amsmath\amsmat
h.sty:1274: LaTeX Error: Command \notag already defined.
               Or name \end... illegal, see p.192 of the manual.

See the LaTeX manual or LaTeX Companion for explanation.
Type  H <return>  for immediate help.
 ...                                              
                                                  
l.1274 \newcommand{\notag}{\nonumber}
                                     
Your command was ignored.
Type  I <command> <return>  to replace it with another command,
or  <return>  to continue without it.

\row@=\count474
\column@=\count475
\maxfields@=\count476
\andhelp@=\toks42
\eqnshift@=\dimen197
\alignsep@=\dimen198
\tagshift@=\dimen199

C:\Users\Davide Menghini\AppData\Local\Programs\MiKTeX\tex/latex/amsmath\amsmat
h.sty:1317: LaTeX Error: Command \mintagsep already defined.
               Or name \end... illegal, see p.192 of the manual.

See the LaTeX manual or LaTeX Companion for explanation.
Type  H <return>  for immediate help.
 ...                                              
                                                  
l.1317 ...{\mintagsep}{.5\fontdimen6\textfont\tw@}
                                                  
Your command was ignored.
Type  I <command> <return>  to replace it with another command,
or  <return>  to continue without it.


C:\Users\Davide Menghini\AppData\Local\Programs\MiKTeX\tex/latex/amsmath\amsmat
h.sty:1318: LaTeX Error: Command \minalignsep already defined.
               Or name \end... illegal, see p.192 of the manual.

See the LaTeX manual or LaTeX Companion for explanation.
Type  H <return>  for immediate help.
 ...                                              
                                                  
l.1318 \newcommand{\minalignsep}{10pt}
                                      
Your command was ignored.
Type  I <command> <return>  to replace it with another command,
or  <return>  to continue without it.

\tagwidth@=\dimen256
\totwidth@=\dimen257
\lineht@=\dimen258
\@envbody=\toks43

C:\Users\Davide Menghini\AppData\Local\Programs\MiKTeX\tex/latex/amsmath\amsmat
h.sty:1494: LaTeX Error: Command \start@aligned already defined.
               Or name \end... illegal, see p.192 of the manual.

See the LaTeX manual or LaTeX Companion for explanation.
Type  H <return>  for immediate help.
 ...                                              
                                                  
l.1494 }
        
Your command was ignored.
Type  I <command> <return>  to replace it with another command,
or  <return>  to continue without it.


C:\Users\Davide Menghini\AppData\Local\Programs\MiKTeX\tex/latex/amsmath\amsmat
h.sty:1519: LaTeX Error: Command \aligned already defined.
               Or name \end... illegal, see p.192 of the manual.

See the LaTeX manual or LaTeX Companion for explanation.
Type  H <return>  for immediate help.
 ...                                              
                                                  
l.1519 }
        
Your command was ignored.
Type  I <command> <return>  to replace it with another command,
or  <return>  to continue without it.


C:\Users\Davide Menghini\AppData\Local\Programs\MiKTeX\tex/latex/amsmath\amsmat
h.sty:1520: LaTeX Error: Command \aligned@a already defined.
               Or name \end... illegal, see p.192 of the manual.

See the LaTeX manual or LaTeX Companion for explanation.
Type  H <return>  for immediate help.
 ...                                              
                                                  
l.1520 ...ligned@a}[1][c]{\start@aligned{#1}\m@ne}
                                                  
Your command was ignored.
Type  I <command> <return>  to replace it with another command,
or  <return>  to continue without it.


C:\Users\Davide Menghini\AppData\Local\Programs\MiKTeX\tex/latex/amsmath\amsmat
h.sty:1526: LaTeX Error: Command \alignedat already defined.
               Or name \end... illegal, see p.192 of the manual.

See the LaTeX manual or LaTeX Companion for explanation.
Type  H <return>  for immediate help.
 ...                                              
                                                  
l.1526 }
        
Your command was ignored.
Type  I <command> <return>  to replace it with another command,
or  <return>  to continue without it.


C:\Users\Davide Menghini\AppData\Local\Programs\MiKTeX\tex/latex/amsmath\amsmat
h.sty:1527: LaTeX Error: Command \alignedat@a already defined.
               Or name \end... illegal, see p.192 of the manual.

See the LaTeX manual or LaTeX Companion for explanation.
Type  H <return>  for immediate help.
 ...                                              
                                                  
l.1527 ...{\alignedat@a}[1][c]{\start@aligned{#1}}
                                                  
Your command was ignored.
Type  I <command> <return>  to replace it with another command,
or  <return>  to continue without it.


C:\Users\Davide Menghini\AppData\Local\Programs\MiKTeX\tex/latex/amsmath\amsmat
h.sty:1542: LaTeX Error: Command \gathered already defined.
               Or name \end... illegal, see p.192 of the manual.

See the LaTeX manual or LaTeX Companion for explanation.
Type  H <return>  for immediate help.
 ...                                              
                                                  
l.1542 }
        
Your command was ignored.
Type  I <command> <return>  to replace it with another command,
or  <return>  to continue without it.


C:\Users\Davide Menghini\AppData\Local\Programs\MiKTeX\tex/latex/amsmath\amsmat
h.sty:1560: LaTeX Error: Command \gather already defined.
               Or name \end... illegal, see p.192 of the manual.

See the LaTeX manual or LaTeX Companion for explanation.
Type  H <return>  for immediate help.
 ...                                              
                                                  
l.1560 }
        
Your command was ignored.
Type  I <command> <return>  to replace it with another command,
or  <return>  to continue without it.


C:\Users\Davide Menghini\AppData\Local\Programs\MiKTeX\tex/latex/amsmath\amsmat
h.sty:1566: LaTeX Error: Command \gather* already defined.
               Or name \end... illegal, see p.192 of the manual.

See the LaTeX manual or LaTeX Companion for explanation.
Type  H <return>  for immediate help.
 ...                                              
                                                  
l.1566 }
        
Your command was ignored.
Type  I <command> <return>  to replace it with another command,
or  <return>  to continue without it.


C:\Users\Davide Menghini\AppData\Local\Programs\MiKTeX\tex/latex/amsmath\amsmat
h.sty:1770: LaTeX Error: Command \alignat already defined.
               Or name \end... illegal, see p.192 of the manual.

See the LaTeX manual or LaTeX Companion for explanation.
Type  H <return>  for immediate help.
 ...                                              
                                                  
l.1770 }
        
Your command was ignored.
Type  I <command> <return>  to replace it with another command,
or  <return>  to continue without it.


C:\Users\Davide Menghini\AppData\Local\Programs\MiKTeX\tex/latex/amsmath\amsmat
h.sty:1775: LaTeX Error: Command \alignat* already defined.
               Or name \end... illegal, see p.192 of the manual.

See the LaTeX manual or LaTeX Companion for explanation.
Type  H <return>  for immediate help.
 ...                                              
                                                  
l.1775 }
        
Your command was ignored.
Type  I <command> <return>  to replace it with another command,
or  <return>  to continue without it.


C:\Users\Davide Menghini\AppData\Local\Programs\MiKTeX\tex/latex/amsmath\amsmat
h.sty:1780: LaTeX Error: Command \xalignat already defined.
               Or name \end... illegal, see p.192 of the manual.

See the LaTeX manual or LaTeX Companion for explanation.
Type  H <return>  for immediate help.
 ...                                              
                                                  
l.1780 }
        
Your command was ignored.
Type  I <command> <return>  to replace it with another command,
or  <return>  to continue without it.


C:\Users\Davide Menghini\AppData\Local\Programs\MiKTeX\tex/latex/amsmath\amsmat
h.sty:1785: LaTeX Error: Command \xalignat* already defined.
               Or name \end... illegal, see p.192 of the manual.

See the LaTeX manual or LaTeX Companion for explanation.
Type  H <return>  for immediate help.
 ...                                              
                                                  
l.1785 }
        
Your command was ignored.
Type  I <command> <return>  to replace it with another command,
or  <return>  to continue without it.


C:\Users\Davide Menghini\AppData\Local\Programs\MiKTeX\tex/latex/amsmath\amsmat
h.sty:1790: LaTeX Error: Command \xxalignat already defined.
               Or name \end... illegal, see p.192 of the manual.

See the LaTeX manual or LaTeX Companion for explanation.
Type  H <return>  for immediate help.
 ...                                              
                                                  
l.1790 }
        
Your command was ignored.
Type  I <command> <return>  to replace it with another command,
or  <return>  to continue without it.


C:\Users\Davide Menghini\AppData\Local\Programs\MiKTeX\tex/latex/amsmath\amsmat
h.sty:1805: LaTeX Error: Command \align already defined.
               Or name \end... illegal, see p.192 of the manual.

See the LaTeX manual or LaTeX Companion for explanation.
Type  H <return>  for immediate help.
 ...                                              
                                                  
l.1805 }
        
Your command was ignored.
Type  I <command> <return>  to replace it with another command,
or  <return>  to continue without it.


C:\Users\Davide Menghini\AppData\Local\Programs\MiKTeX\tex/latex/amsmath\amsmat
h.sty:1810: LaTeX Error: Command \align* already defined.
               Or name \end... illegal, see p.192 of the manual.

See the LaTeX manual or LaTeX Companion for explanation.
Type  H <return>  for immediate help.
 ...                                              
                                                  
l.1810 }
        
Your command was ignored.
Type  I <command> <return>  to replace it with another command,
or  <return>  to continue without it.


C:\Users\Davide Menghini\AppData\Local\Programs\MiKTeX\tex/latex/amsmath\amsmat
h.sty:1815: LaTeX Error: Command \flalign already defined.
               Or name \end... illegal, see p.192 of the manual.

See the LaTeX manual or LaTeX Companion for explanation.
Type  H <return>  for immediate help.
 ...                                              
                                                  
l.1815 }
        
Your command was ignored.
Type  I <command> <return>  to replace it with another command,
or  <return>  to continue without it.


C:\Users\Davide Menghini\AppData\Local\Programs\MiKTeX\tex/latex/amsmath\amsmat
h.sty:1820: LaTeX Error: Command \flalign* already defined.
               Or name \end... illegal, see p.192 of the manual.

See the LaTeX manual or LaTeX Companion for explanation.
Type  H <return>  for immediate help.
 ...                                              
                                                  
l.1820 }
        
Your command was ignored.
Type  I <command> <return>  to replace it with another command,
or  <return>  to continue without it.


C:\Users\Davide Menghini\AppData\Local\Programs\MiKTeX\tex/latex/amsmath\amsmat
h.sty:2400: LaTeX Error: Command \split already defined.
               Or name \end... illegal, see p.192 of the manual.

See the LaTeX manual or LaTeX Companion for explanation.
Type  H <return>  for immediate help.
 ...                                              
                                                  
l.2400 }
        
Your command was ignored.
Type  I <command> <return>  to replace it with another command,
or  <return>  to continue without it.

\multlinegap=\skip101
\multlinetaggap=\skip102

C:\Users\Davide Menghini\AppData\Local\Programs\MiKTeX\tex/latex/amsmath\amsmat
h.sty:2559: LaTeX Error: Command \multline already defined.
               Or name \end... illegal, see p.192 of the manual.

See the LaTeX manual or LaTeX Companion for explanation.
Type  H <return>  for immediate help.
 ...                                              
                                                  
l.2559 }
        
Your command was ignored.
Type  I <command> <return>  to replace it with another command,
or  <return>  to continue without it.


C:\Users\Davide Menghini\AppData\Local\Programs\MiKTeX\tex/latex/amsmath\amsmat
h.sty:2560: LaTeX Error: Command \multline* already defined.
               Or name \end... illegal, see p.192 of the manual.

See the LaTeX manual or LaTeX Companion for explanation.
Type  H <return>  for immediate help.
 ...                                              
                                                  
l.2560 ...tart@multline\st@rredtrue}{\endmultline}
                                                  
Your command was ignored.
Type  I <command> <return>  to replace it with another command,
or  <return>  to continue without it.

\mathdisplay@stack=\toks44

C:\Users\Davide Menghini\AppData\Local\Programs\MiKTeX\tex/latex/amsmath\amsmat
h.sty:2952: LaTeX Error: Command \equation* already defined.
               Or name \end... illegal, see p.192 of the manual.

See the LaTeX manual or LaTeX Companion for explanation.
Type  H <return>  for immediate help.
 ...                                              
                                                  
l.2952 }
        
Your command was ignored.
Type  I <command> <return>  to replace it with another command,
or  <return>  to continue without it.

LaTeX Info: Redefining \[ on input line 2953.
LaTeX Info: Redefining \] on input line 2954.
))
\c@esempio=\count477
\c@definizione=\count478
\c@teorema=\count479
Package csquotes Info: Checking for multilingual support...
Package csquotes Info: ... found 'babel' package.
 (D:/progetti\kmer-calculator\kmer-calculator\auxil\relazione.aux)
\openout1 = `relazione.aux'.

LaTeX Font Info:    Checking defaults for OML/cmm/m/it on input line 50.
LaTeX Font Info:    ... okay on input line 50.
LaTeX Font Info:    Checking defaults for OMS/cmsy/m/n on input line 50.
LaTeX Font Info:    ... okay on input line 50.
LaTeX Font Info:    Checking defaults for OT1/cmr/m/n on input line 50.
LaTeX Font Info:    ... okay on input line 50.
LaTeX Font Info:    Checking defaults for T1/cmr/m/n on input line 50.
LaTeX Font Info:    ... okay on input line 50.
LaTeX Font Info:    Checking defaults for TS1/cmr/m/n on input line 50.
LaTeX Font Info:    ... okay on input line 50.
LaTeX Font Info:    Checking defaults for OMX/cmex/m/n on input line 50.
LaTeX Font Info:    ... okay on input line 50.
LaTeX Font Info:    Checking defaults for U/cmr/m/n on input line 50.
LaTeX Font Info:    ... okay on input line 50.
LaTeX Font Info:    Checking defaults for PD1/pdf/m/n on input line 50.
LaTeX Font Info:    ... okay on input line 50.
LaTeX Font Info:    Checking defaults for PU/pdf/m/n on input line 50.
LaTeX Font Info:    ... okay on input line 50.

*geometry* driver: auto-detecting
*geometry* detected driver: pdftex
*geometry* verbose mode - [ preamble ] result:
* driver: pdftex
* paper: <default>
* layout: <same size as paper>
* layoutoffset:(h,v)=(0.0pt,0.0pt)
* modes: twoside 
* h-part:(L,W,R)=(99.58464pt, 412.56497pt, 85.35826pt)
* v-part:(T,H,B)=(85.35826pt, 674.33032pt, 85.35826pt)
* \paperwidth=597.50787pt
* \paperheight=845.04684pt
* \textwidth=412.56497pt
* \textheight=674.33032pt
* \oddsidemargin=27.31465pt
* \evensidemargin=13.08827pt
* \topmargin=-18.78552pt
* \headheight=15.0pt
* \headsep=19.8738pt
* \topskip=11.0pt
* \footskip=27.46295pt
* \marginparwidth=106.0pt
* \marginparsep=7.0pt
* \columnsep=10.0pt
* \skip\footins=10.0pt plus 4.0pt minus 2.0pt
* \hoffset=0.0pt
* \voffset=0.0pt
* \mag=1000
* \@twocolumnfalse
* \@twosidetrue
* \@mparswitchtrue
* \@reversemarginfalse
* (1in=72.27pt=25.4mm, 1cm=28.453pt)


(C:\Users\Davide Menghini\AppData\Local\Programs\MiKTeX\tex/context/base/mkii\s
upp-pdf.mkii
[Loading MPS to PDF converter (version 2006.09.02).]
\scratchcounter=\count480
\scratchdimen=\dimen259
\scratchbox=\box71
\nofMPsegments=\count481
\nofMParguments=\count482
\everyMPshowfont=\toks45
\MPscratchCnt=\count483
\MPscratchDim=\dimen260
\MPnumerator=\count484
\makeMPintoPDFobject=\count485
\everyMPtoPDFconversion=\toks46
)
(C:\Users\Davide Menghini\AppData\Local\Programs\MiKTeX\tex/latex/epstopdf-pkg\
epstopdf-base.sty
Package: epstopdf-base 2020-01-24 v2.11 Base part for package epstopdf
Package epstopdf-base Info: Redefining graphics rule for `.eps' on input line 4
85.

(C:\Users\Davide Menghini\AppData\Local\Programs\MiKTeX\tex/latex/00miktex\epst
opdf-sys.cfg
File: epstopdf-sys.cfg 2021/03/18 v2.0 Configuration of epstopdf for MiKTeX
))
Package hyperref Info: Link coloring ON on input line 50.
 (D:/progetti\kmer-calculator\kmer-calculator\auxil\relazione.out) (D:/progetti
\kmer-calculator\kmer-calculator\auxil\relazione.out)
\@outlinefile=\write6
\openout6 = `relazione.out'.

Package caption Info: Begin \AtBeginDocument code.
Package caption Info: subfig package v1.3 is loaded.
Package caption Info: listings package is loaded.
Package caption Info: longtable package is loaded.

(C:\Users\Davide Menghini\AppData\Local\Programs\MiKTeX\tex/latex/caption\ltcap
tion.sty
Package: ltcaption 2021/01/08 v1.4c longtable captions (AR)
)
Package caption Info: End \AtBeginDocument code.
LaTeX Info: Redefining \it@ocap on input line 50.
LaTeX Info: Redefining \it@ccap on input line 50.


File italian.ldf warning: 
italian.ldf    With OT1 encoding guillemets are poorly faked
italian.ldf    Use T1 encoding
italian.ldf    or specify a font with command \CaporaliFrom
italian.ldf    See the documentation concerning the babel-italian typesetting 
italian.ldf    on input line 50.

\c@lstlisting=\count486
Package biblatex Info: Trying to load language 'italian'...
Package biblatex Info: ... file 'italian.lbx' found.

(C:\Users\Davide Menghini\AppData\Local\Programs\MiKTeX\tex/latex/biblatex/lbx\
italian.lbx
File: italian.lbx 2022/07/12 v3.18b biblatex localization (PK/MW)
)
Package biblatex Info: Input encoding 'utf8' detected.
Package biblatex Info: Automatic encoding selection.
(biblatex)             Assuming data encoding 'utf8'.
\openout5 = `relazione.bcf'.

Package biblatex Info: Trying to load bibliographic data...
Package biblatex Info: ... file 'relazione.bbl' found.
 (D:/progetti\kmer-calculator\kmer-calculator\auxil\relazione.bbl)
Package biblatex Info: Reference section=0 on input line 50.
Package biblatex Info: Reference segment=0 on input line 50.
LaTeX Info: Command `\dddot' is already robust on input line 50.
LaTeX Info: Command `\ddddot' is already robust on input line 50.
LaTeX Info: Command `\overleftrightarrow' is already robust on input line 50.
LaTeX Info: Command `\underrightarrow' is already robust on input line 50.
LaTeX Info: Command `\underleftarrow' is already robust on input line 50.
LaTeX Info: Command `\underleftrightarrow' is already robust on input line 50.
<Immagini/stemma.png, id=87, 83.3514pt x 103.587pt>
File: Immagini/stemma.png Graphic file (type png)
<use Immagini/stemma.png>
Package pdftex.def Info: Immagini/stemma.png  used on input line 51.
(pdftex.def)             Requested size: 42.67912pt x 53.04205pt.

[1

{C:/Users/Davide Menghini/AppData/Local/MiKTeX/fonts/map/pdftex/pdftex.map} <./
Immagini/stemma.png (PNG copy)>] [2


]
(D:/progetti\kmer-calculator\kmer-calculator\auxil\relazione.toc
LaTeX Font Info:    Trying to load font information for U+msa on input line 4.

(C:\Users\Davide Menghini\AppData\Local\Programs\MiKTeX\tex/latex/amsfonts\umsa
.fd
File: umsa.fd 2013/01/14 v3.01 AMS symbols A
)
LaTeX Font Info:    Trying to load font information for U+msb on input line 4.

(C:\Users\Davide Menghini\AppData\Local\Programs\MiKTeX\tex/latex/amsfonts\umsb
.fd
File: umsb.fd 2013/01/14 v3.01 AMS symbols B
))
\tf@toc=\write7
\openout7 = `relazione.toc'.

 (introduzione.tex [3


] [4


]
Capitolo 1.

Underfull \hbox (badness 10000) in paragraph at lines 22--60

 []


Underfull \vbox (badness 10000) has occurred while \output is active []

 [5]
[6]) (AlgoritmiPerKmer.tex [7] [8


]
Capitolo 2.
[9] [10]
Overfull \hbox (47.33981pt too wide) in paragraph at lines 84--85
[][][][][][][][][][][][][][][][][][][][][][] 
 []


Overfull \hbox (1.34933pt too wide) in paragraph at lines 86--87
[][][][][][][][][][][][] 
 []


Overfull \hbox (1.34933pt too wide) in paragraph at lines 99--100
[][][][][][][][][][][][][][][][][][][][][][][][][][][][][][][][][] 
 []


Overfull \hbox (14.48947pt too wide) in paragraph at lines 100--101
[][][][][][][][][][][][][][][][][] 
 []


Underfull \vbox (badness 10000) has occurred while \output is active []

 [11]
Underfull \hbox (badness 10000) in paragraph at lines 133--157

 []


Underfull \hbox (badness 10000) in paragraph at lines 133--157

 []


Overfull \hbox (21.05954pt too wide) in paragraph at lines 164--165
[][][][][][][][][][][][][][][][][][][] 
 []


Overfull \hbox (53.90988pt too wide) in paragraph at lines 169--170
[][][][][][][][][][][][][][] 
 []

[12]
Overfull \hbox (7.9194pt too wide) in paragraph at lines 174--175
[][][][][][][][][] 
 []


Overfull \hbox (7.9194pt too wide) in paragraph at lines 175--176
[][][][][][][][] 
 []


Overfull \hbox (34.19968pt too wide) in paragraph at lines 176--177
[][][][][][] 
 []

LaTeX Font Info:    Trying to load font information for OML+cmr on input line 1
82.

(C:\Users\Davide Menghini\AppData\Local\Programs\MiKTeX\tex/latex/base\omlcmr.f
d
File: omlcmr.fd 2019/12/16 v2.5j Standard LaTeX font definitions
)
LaTeX Font Info:    Font shape `OML/cmr/m/n' in size <10.95> not available
(Font)              Font shape `OML/cmm/m/it' tried instead on input line 182.

Overfull \hbox (1.34933pt too wide) in paragraph at lines 184--185
[][][][][][][] 
 []


Overfull \hbox (73.62009pt too wide) in paragraph at lines 185--186
[][][][][][][][] 
 []

[13]
Overfull \hbox (152.4609pt too wide) in paragraph at lines 269--270
[][][][][][][][][][][][][][][][] 
 []

[14]
Overfull \hbox (126.18063pt too wide) in paragraph at lines 276--277
[][][][][][][][][][][][][][][][] 
 []

[15]) (SelezioneDelleFeatures.tex
Underfull \hbox (badness 10000) in paragraph at lines 335--1

 []

[16]
Capitolo 3.

LaTeX Warning: Citation 'l1-based' on page 17 undefined on input line 22.


Overfull \hbox (106.47043pt too wide) in paragraph at lines 29--30
[][][][][][][][][][][][][][][][][][][][][][][][][][][][][][][][][][][] 
 []

[17


]) [18]
LaTeX Font Info:    Trying to load font information for OT1+pcr on input line 6
3.

(C:\Users\Davide Menghini\AppData\Local\Programs\MiKTeX\tex/latex/psnfss\ot1pcr
.fd
File: ot1pcr.fd 2001/06/04 font definitions for OT1/pcr.
)
Overfull \hbox (2.77525pt too wide) in paragraph at lines 64--64
\OT1/cmr/m/sc/10.95 url\OT1/cmr/m/n/10.95 : [][]$\OT1/pcr/m/n/10.95 https : / /
 almob . biomedcentral . com / articles / 10 . 1186 / s13015 -[]
 []

No file relazione.ind.
[19


] (D:/progetti\kmer-calculator\kmer-calculator\auxil\relazione.aux)

LaTeX Warning: There were undefined references.


LaTeX Warning: Label(s) may have changed. Rerun to get cross-references right.

Package rerunfilecheck Info: File `relazione.out' has not changed.
(rerunfilecheck)             Checksum: 2EAA731EF63FF76B0D9B9BE48A5E6A51;3683.

Package biblatex Warning: Please (re)run Biber on the file:
(biblatex)                relazione
(biblatex)                and rerun LaTeX afterwards.

Package logreq Info: Writing requests to 'relazione.run.xml'.
\openout1 = `relazione.run.xml'.

 )
(\end occurred when \ifnum on line 1 was incomplete)
(\end occurred when \iffalse on line 1 was incomplete)
(\end occurred when \ifnum on line 1 was incomplete)
(\end occurred when \iffalse on line 1 was incomplete)
(\end occurred when \ifnum on line 1 was incomplete)
(\end occurred when \iffalse on line 1 was incomplete) 
Here is how much of TeX's memory you used:
 24627 strings out of 475380
 425019 string characters out of 2772016
 1222506 words of memory out of 3000000
 45492 multiletter control sequences out of 15000+600000
 478853 words of font info for 63 fonts, out of 8000000 for 9000
 1141 hyphenation exceptions out of 8191
 87i,12n,93p,684b,1955s stack positions out of 10000i,1000n,20000p,200000b,80000s
{C:/Users/Davide Menghini
/AppData/Local/Programs/MiKTeX/fonts/enc/dvips/base/8r.enc} <C:\Users\Davide Me
nghini\AppData\Local\MiKTeX\fonts/pk/ljfour/jknappen/ec/dpi600\tcrm1095.pk><C:/
Users/Davide Menghini/AppData/Local/Programs/MiKTeX/fonts/type1/public/amsfonts
/cm/cmbx10.pfb><C:/Users/Davide Menghini/AppData/Local/Programs/MiKTeX/fonts/ty
pe1/public/amsfonts/cm/cmbx12.pfb><C:/Users/Davide Menghini/AppData/Local/Progr
ams/MiKTeX/fonts/type1/public/amsfonts/cm/cmcsc10.pfb><C:/Users/Davide Menghini
/AppData/Local/Programs/MiKTeX/fonts/type1/public/amsfonts/cm/cmmi10.pfb><C:/Us
ers/Davide Menghini/AppData/Local/Programs/MiKTeX/fonts/type1/public/amsfonts/c
m/cmmi8.pfb><C:/Users/Davide Menghini/AppData/Local/Programs/MiKTeX/fonts/type1
/public/amsfonts/cm/cmr10.pfb><C:/Users/Davide Menghini/AppData/Local/Programs/
MiKTeX/fonts/type1/public/amsfonts/cm/cmr12.pfb><C:/Users/Davide Menghini/AppDa
ta/Local/Programs/MiKTeX/fonts/type1/public/amsfonts/cm/cmr6.pfb><C:/Users/Davi
de Menghini/AppData/Local/Programs/MiKTeX/fonts/type1/public/amsfonts/cm/cmr8.p
fb><C:/Users/Davide Menghini/AppData/Local/Programs/MiKTeX/fonts/type1/public/a
msfonts/cm/cmsy10.pfb><C:/Users/Davide Menghini/AppData/Local/Programs/MiKTeX/f
onts/type1/public/amsfonts/cm/cmsy6.pfb><C:/Users/Davide Menghini/AppData/Local
/Programs/MiKTeX/fonts/type1/public/amsfonts/cm/cmsy8.pfb><C:/Users/Davide Meng
hini/AppData/Local/Programs/MiKTeX/fonts/type1/public/amsfonts/cm/cmti10.pfb><C
:/Users/Davide Menghini/AppData/Local/Programs/MiKTeX/fonts/type1/urw/courier/u
crr8a.pfb>
Output written on D:/progetti\kmer-calculator\kmer-calculator\out\relazione.pdf
 (19 pages, 287797 bytes).
PDF statistics:
 488 PDF objects out of 1000 (max. 8388607)
 199 named destinations out of 1000 (max. 500000)
 174 words of extra memory for PDF output out of 10000 (max. 10000000)

